<?xml version="1.0" encoding="UTF-8"?>
<testng-results skipped="0" failed="0" total="2" passed="2">
  <reporter-output>
  </reporter-output>
  <suite name="test Suite" duration-ms="31548" started-at="2017-05-08T20:59:29Z" finished-at="2017-05-08T21:00:00Z">
    <groups>
    </groups>
    <test name="Test Browser 2" duration-ms="27651" started-at="2017-05-08T20:59:29Z" finished-at="2017-05-08T20:59:56Z">
      <class name="parallel.GridTest">
        <test-method status="PASS" signature="googleTest(java.lang.String)[pri:0, instance:parallel.GridTest@5e3a8624]" name="googleTest" duration-ms="27589" started-at="2017-05-09T02:29:29Z" finished-at="2017-05-09T02:29:56Z">
          <params>
            <param index="0">
              <value>
                <![CDATA[chrome]]>
              </value>
            </param>
          </params>
          <reporter-output>
          </reporter-output>
        </test-method> <!-- googleTest -->
      </class> <!-- parallel.GridTest -->
    </test> <!-- Test Browser 2 -->
    <test name="Test Browser 1" duration-ms="31548" started-at="2017-05-08T20:59:29Z" finished-at="2017-05-08T21:00:00Z">
      <class name="parallel.GridTest">
        <test-method status="PASS" signature="googleTest(java.lang.String)[pri:0, instance:parallel.GridTest@1d057a39]" name="googleTest" duration-ms="31487" started-at="2017-05-09T02:29:29Z" finished-at="2017-05-09T02:30:00Z">
          <params>
            <param index="0">
              <value>
                <![CDATA[firefox]]>
              </value>
            </param>
          </params>
          <reporter-output>
          </reporter-output>
        </test-method> <!-- googleTest -->
      </class> <!-- parallel.GridTest -->
    </test> <!-- Test Browser 1 -->
  </suite> <!-- test Suite -->
</testng-results>
